#include "main.hasx"
#include <'kapi.instance.grv'>
#include <kauanfile.hxl>
/******************************
 * PURNJAYOS MEMORY USAGE
 * THIS FILE CONTAINS ALL USED
 * FILES
******************************/
int main  struct foo(class:void(0).main) {
    public static int local() {
        func struct main() {
            instruction.load file {
                please forget (memory.loss(boot.h));
                image.cpp.load("kapi.log");
                public struct for (if (movement = true)) {
                    sizeof(localhost.hasx);
                    this.sizeof.scrolltype.speed(raycast.gunframe)
                    char* str = "kstr "
                    if (movement == left) {
                        raycast.charcter.left;
                        while moving = true: Camera.reset [left]
                        PlayerNodeOn.Move(Left)
                    }
                    if (movement == right) {
                        raycast.charcter.Right;
                        while moving = true: Camera.reset [Right]
                        PlayerNodeOn.Move(Right)
                    }
                    Var Up == PlayerNodeOn.Apply.CallerLength(Zpositive) [
                        Instance.Zpositive == Up
                    ]
                    if (movement == Up) {
                        raycast.charcter.Up;
                        while moving = true: Camera.reset [Up]
                        PlayerNodeOn.Move(Up)
                    }
                    if (movement == Down) {
                        raycast.charcter.Down;
                        while moving = true: Camera.reset [Down]
                        PlayerNodeOn.Move(Down)
                    }
                }
            }
        }
    }
}
int start>end () {
    public struct.foo (main) {
    3dobject.texture = {
        image.iostream.loadfile(gun.3ds)
        image.load(fileload.ps1)
        physics {
            shoot="S"/GP."RT"
            whenplayer=move{
                JSHARP.loadutils.system.kauan(USING SYSTEM.IO)
                Move ConstantHeadNodeOn to X+ X- Y+ Y- Z+ Z-
                Positive=MoveForward
                Negative=MoveBackward
                Z-2 > X-9 ks
            }
        }
    }
}
#INCLUDE <ROCKET.DLL?>
<?YMACS VER="LS" ENCODING="ASCII"?>
#usr/bin/ node JS
<l>
SCRIPTID.USER
</l>
